2026-01-01 06:57:56.277 [info] [main] Log level: Info
2026-01-01 06:57:56.277 [info] [main] Validating found git in: "git"
2026-01-01 06:57:56.277 [info] [main] Using git "2.52.0" from "git"
2026-01-01 06:57:56.277 [info] [Model][doInitialScan] Initial repository scan started
2026-01-01 06:57:56.277 [info] > git rev-parse --show-toplevel [6ms]
2026-01-01 06:57:56.277 [info] fatal: not a git repository (or any of the parent directories): .git
2026-01-01 06:57:56.277 [info] > git rev-parse --show-toplevel [11ms]
2026-01-01 06:57:56.277 [info] fatal: not a git repository (or any of the parent directories): .git
2026-01-01 06:57:56.277 [info] > git rev-parse --show-toplevel [1ms]
2026-01-01 06:57:56.277 [info] fatal: not a git repository (or any of the parent directories): .git
2026-01-01 06:57:56.277 [info] [Model][doInitialScan] Initial repository scan completed - repositories (0), closed repositories (0), parent repositories (0), unsafe repositories (0)
2026-01-01 06:57:56.327 [info] > git rev-parse --show-toplevel [20ms]
2026-01-01 06:57:56.327 [info] fatal: not a git repository (or any of the parent directories): .git
2026-01-01 06:57:56.399 [info] > git rev-parse --show-toplevel [1ms]
2026-01-01 06:57:56.399 [info] fatal: not a git repository (or any of the parent directories): .git
2026-01-01 06:57:57.570 [info] > git rev-parse --show-toplevel [2ms]
2026-01-01 06:57:57.570 [info] fatal: not a git repository (or any of the parent directories): .git
2026-01-01 06:57:59.134 [info] > git rev-parse --show-toplevel [2ms]
2026-01-01 06:57:59.134 [info] fatal: not a git repository (or any of the parent directories): .git
2026-01-01 06:58:00.898 [info] > git rev-parse --show-toplevel [3ms]
2026-01-01 06:58:00.898 [info] fatal: not a git repository (or any of the parent directories): .git
2026-01-01 06:58:05.180 [info] > git rev-parse --show-toplevel [1ms]
2026-01-01 06:58:05.180 [info] fatal: not a git repository (or any of the parent directories): .git
2026-01-01 06:58:06.672 [info] > git rev-parse --show-toplevel [2ms]
2026-01-01 06:58:06.672 [info] fatal: not a git repository (or any of the parent directories): .git
2026-01-01 06:58:07.014 [info] > git rev-parse --show-toplevel [2ms]
2026-01-01 06:58:07.014 [info] fatal: not a git repository (or any of the parent directories): .git
2026-01-01 06:58:07.598 [info] > git rev-parse --show-toplevel [2ms]
2026-01-01 06:58:07.598 [info] fatal: not a git repository (or any of the parent directories): .git
2026-01-01 06:58:07.799 [info] > git rev-parse --show-toplevel [1ms]
2026-01-01 06:58:07.799 [info] fatal: not a git repository (or any of the parent directories): .git
2026-01-01 06:58:23.505 [info] > git rev-parse --show-toplevel [2ms]
2026-01-01 06:58:23.505 [info] fatal: not a git repository (or any of the parent directories): .git
2026-01-01 06:59:16.288 [info] > git rev-parse --show-toplevel [2ms]
2026-01-01 06:59:16.288 [info] fatal: not a git repository (or any of the parent directories): .git
2026-01-01 06:59:25.507 [info] > git rev-parse --show-toplevel [3ms]
2026-01-01 06:59:25.507 [info] fatal: not a git repository (or any of the parent directories): .git
2026-01-01 06:59:29.535 [info] > git rev-parse --show-toplevel [3ms]
2026-01-01 06:59:29.535 [info] fatal: not a git repository (or any of the parent directories): .git
2026-01-01 06:59:39.518 [info] > git rev-parse --show-toplevel [3ms]
2026-01-01 06:59:39.518 [info] fatal: not a git repository (or any of the parent directories): .git
2026-01-01 07:01:06.531 [info] > git rev-parse --show-toplevel [4ms]
2026-01-01 07:01:06.531 [info] fatal: not a git repository (or any of the parent directories): .git
2026-01-01 07:01:13.844 [info] > git rev-parse --show-toplevel [3ms]
2026-01-01 07:01:13.844 [info] fatal: not a git repository (or any of the parent directories): .git
2026-01-01 07:01:20.795 [info] > git rev-parse --show-toplevel [2ms]
2026-01-01 07:01:20.795 [info] fatal: not a git repository (or any of the parent directories): .git
2026-01-01 07:01:29.805 [info] > git rev-parse --show-toplevel [3ms]
2026-01-01 07:01:29.805 [info] fatal: not a git repository (or any of the parent directories): .git
2026-01-01 07:02:01.247 [info] > git rev-parse --show-toplevel [2ms]
2026-01-01 07:02:01.247 [info] fatal: not a git repository (or any of the parent directories): .git
2026-01-01 07:02:06.711 [info] > git rev-parse --show-toplevel [3ms]
2026-01-01 07:02:06.711 [info] fatal: not a git repository (or any of the parent directories): .git
2026-01-01 07:02:16.207 [info] > git rev-parse --show-toplevel [2ms]
2026-01-01 07:02:16.207 [info] fatal: not a git repository (or any of the parent directories): .git
2026-01-01 07:02:25.036 [info] > git rev-parse --show-toplevel [3ms]
2026-01-01 07:02:25.036 [info] fatal: not a git repository (or any of the parent directories): .git
2026-01-01 07:02:35.727 [info] > git rev-parse --show-toplevel [2ms]
2026-01-01 07:02:35.727 [info] fatal: not a git repository (or any of the parent directories): .git
2026-01-01 07:03:08.372 [info] > git rev-parse --show-toplevel [2ms]
2026-01-01 07:03:08.372 [info] fatal: not a git repository (or any of the parent directories): .git
2026-01-01 07:05:32.503 [info] > git rev-parse --show-toplevel [3ms]
2026-01-01 07:05:32.503 [info] fatal: not a git repository (or any of the parent directories): .git
2026-01-01 07:08:29.938 [info] > git rev-parse --show-toplevel [3ms]
2026-01-01 07:08:29.938 [info] fatal: not a git repository (or any of the parent directories): .git
2026-01-01 07:12:54.409 [info] > git rev-parse --show-toplevel [2ms]
2026-01-01 07:12:54.409 [info] fatal: not a git repository (or any of the parent directories): .git
2026-01-01 07:16:11.002 [info] > git rev-parse --show-toplevel [7ms]
2026-01-01 07:16:11.003 [info] fatal: not a git repository (or any of the parent directories): .git
2026-01-01 07:16:11.703 [info] > git rev-parse --show-toplevel [1ms]
2026-01-01 07:16:11.704 [info] fatal: not a git repository (or any of the parent directories): .git
2026-01-01 07:17:48.253 [info] > git rev-parse --show-toplevel [2ms]
2026-01-01 07:17:48.253 [info] fatal: not a git repository (or any of the parent directories): .git
2026-01-01 07:18:01.788 [info] > git rev-parse --show-toplevel [2ms]
2026-01-01 07:18:01.788 [info] fatal: not a git repository (or any of the parent directories): .git
2026-01-01 07:18:59.844 [info] > git rev-parse --show-toplevel [1ms]
2026-01-01 07:18:59.844 [info] fatal: not a git repository (or any of the parent directories): .git
2026-01-01 07:19:02.499 [info] > git rev-parse --show-toplevel [3ms]
2026-01-01 07:19:02.499 [info] fatal: not a git repository (or any of the parent directories): .git
2026-01-01 07:19:46.417 [info] > git rev-parse --show-toplevel [2ms]
2026-01-01 07:19:46.417 [info] fatal: not a git repository (or any of the parent directories): .git
