12/24/2025, 3:47:48 AM GMT+3 0: 

----------------------------------------------
12/24/2025, 3:47:48 AM GMT+3 1: Discord starting: {"releaseChannel":"stable","version":"0.0.111"}, modulepath: /home/fera/.config/discord/0.0.111/modules
12/24/2025, 3:47:48 AM GMT+3 2: ✅ webContents.created web1 ""
12/24/2025, 3:47:48 AM GMT+3 3: ✅ window.created win1 "discord"
12/24/2025, 3:47:49 AM GMT+3 4: ✅ webContents.did-finish-load web1
12/24/2025, 3:48:04 AM GMT+3 5: ✅ webContents.created web2 ""
12/24/2025, 3:48:04 AM GMT+3 6: ✅ window.created win2 "Discord"
12/24/2025, 3:48:17 AM GMT+3 7: ✅ webContents.did-finish-load web2
12/24/2025, 3:48:18 AM GMT+3 8: window.close win1
12/24/2025, 3:48:18 AM GMT+3 9: webContents.destroyed web1
12/24/2025, 3:48:18 AM GMT+3 10: window.closed win1
12/24/2025, 10:16:30 PM GMT+3 0: 

----------------------------------------------
12/24/2025, 10:16:30 PM GMT+3 1: Discord starting: {"releaseChannel":"stable","version":"0.0.111"}, modulepath: /home/fera/.config/discord/0.0.111/modules
12/24/2025, 10:16:30 PM GMT+3 2: ✅ webContents.created web1 ""
12/24/2025, 10:16:30 PM GMT+3 3: ✅ window.created win1 "discord"
12/24/2025, 10:16:30 PM GMT+3 4: ✅ webContents.did-finish-load web1
12/24/2025, 10:19:52 PM GMT+3 5: window.close win1
12/24/2025, 10:19:52 PM GMT+3 6: webContents.destroyed web1
12/24/2025, 10:27:50 PM GMT+3 0: 

----------------------------------------------
12/24/2025, 10:27:50 PM GMT+3 1: Discord starting: {"releaseChannel":"stable","version":"0.0.111"}, modulepath: /home/fera/.config/discord/0.0.111/modules
12/24/2025, 10:27:50 PM GMT+3 2: ✅ webContents.created web1 ""
12/24/2025, 10:27:50 PM GMT+3 3: ✅ window.created win1 "discord"
12/24/2025, 10:27:51 PM GMT+3 4: ✅ webContents.did-finish-load web1
12/24/2025, 10:32:06 PM GMT+3 5: window.close win1
12/24/2025, 10:32:06 PM GMT+3 6: webContents.destroyed web1
